<?xml version="1.0" encoding="UTF-8"?>
<!-- Generated by org.testng.reporters.JUnitXMLReporter -->
<testsuite hostname="libi-PC" name="cromeTest" tests="1" failures="0" timestamp="14 Dec 2018 15:50:59 GMT" time="3.238" errors="0">
  <testcase name="@BeforeClass openBrowser" time="0.0" classname="TestCasesHomeTest.Test1">
    <failure type="java.lang.NullPointerException">
      <![CDATA[java.lang.NullPointerException
	at UtilitesHomeTest.base.getData(base.java:74)
	at TestCasesHomeTest.Test1.openBrowser(Test1.java:27)
... Removed 24 stack frames]]>
    </failure>
  </testcase> <!-- @BeforeClass openBrowser -->
  <testcase name="@AfterClass CloseSession" time="0.0" classname="TestCasesHomeTest.Test1">
    <skipped/>
  </testcase> <!-- @AfterClass CloseSession -->
  <testcase name="@AfterTest doAfterTest" time="0.0" classname="TestCasesHomeTest.Test1">
    <skipped/>
  </testcase> <!-- @AfterTest doAfterTest -->
  <testcase name="test01_homeTestFlow" time="0.006" classname="TestCasesHomeTest.Test1">
    <skipped/>
  </testcase> <!-- test01_homeTestFlow -->
</testsuite> <!-- cromeTest -->
