<?xml version="1.0" encoding="UTF-8"?>
<!-- Generated by org.testng.reporters.JUnitXMLReporter -->
<testsuite hostname="libi-PC" name="homeTest" tests="1" failures="1" timestamp="14 Dec 2018 17:50:00 GMT" time="10.169" errors="0">
  <testcase name="@AfterClass CloseSession" time="0.0" classname="TestCasesHomeTest.Test1">
    <failure type="java.lang.NullPointerException">
      <![CDATA[java.lang.NullPointerException
	at UtilitesHomeTest.base.CloseSession(base.java:219)
... Removed 24 stack frames]]>
    </failure>
  </testcase> <!-- @AfterClass CloseSession -->
  <testcase name="@AfterTest doAfterTest" time="0.0" classname="TestCasesHomeTest.Test1">
    <skipped/>
  </testcase> <!-- @AfterTest doAfterTest -->
  <testcase name="test01_homeTestFlow" time="0.797" classname="TestCasesHomeTest.Test1">
    <failure type="java.lang.NullPointerException">
      <![CDATA[java.lang.NullPointerException
	at UtilitesHomeTest.base.takeSS(base.java:150)
	at UtilitesHomeTest.commonOps.clickOrChose(commonOps.java:55)
	at TestCasesHomeTest.Test1.test01_homeTestFlow(Test1.java:84)
... Removed 24 stack frames]]>
    </failure>
  </testcase> <!-- test01_homeTestFlow -->
</testsuite> <!-- homeTest -->
